[debug] [2022-12-21T13:53:17.864Z] ----------------------------------------------------------------------
[debug] [2022-12-21T13:53:17.866Z] Command:       C:\Program Files\nodejs\node.exe C:\Users\USER\AppData\Roaming\npm\node_modules\firebase-tools\lib\bin\firebase.js init
[debug] [2022-12-21T13:53:17.867Z] CLI Version:   11.19.0
[debug] [2022-12-21T13:53:17.867Z] Platform:      win32
[debug] [2022-12-21T13:53:17.867Z] Node Version:  v16.17.0
[debug] [2022-12-21T13:53:17.868Z] Time:          Wed Dec 21 2022 19:53:17 GMT+0600 (Bangladesh Standard Time)
[debug] [2022-12-21T13:53:17.868Z] ----------------------------------------------------------------------
[debug] 
[debug] [2022-12-21T13:53:17.938Z] > command requires scopes: ["email","openid","https://www.googleapis.com/auth/cloudplatformprojects.readonly","https://www.googleapis.com/auth/firebase","https://www.googleapis.com/auth/cloud-platform"]
[debug] [2022-12-21T13:53:17.939Z] > authorizing via signed-in user (ak1644137@gmail.com)
[info] 
     ######## #### ########  ######## ########     ###     ######  ########
     ##        ##  ##     ## ##       ##     ##  ##   ##  ##       ##
     ######    ##  ########  ######   ########  #########  ######  ######
     ##        ##  ##    ##  ##       ##     ## ##     ##       ## ##
     ##       #### ##     ## ######## ########  ##     ##  ######  ########

You're about to initialize a Firebase project in this directory:

  C:\project\learning-platfrom

Before we get started, keep in mind:

  * You are currently outside your home directory
  * You are initializing within an existing Firebase project directory

[info] 
=== Project Setup
[info] 
[info] First, let's associate this project directory with a Firebase project.
[info] You can create multiple project aliases by running firebase use --add, 
[info] but for now we'll just set up a default project.
[info] 
[debug] [2022-12-21T13:53:24.857Z] Using project from CLI flag: learn-hive
[debug] [2022-12-21T13:53:24.860Z] >>> [apiv2][query] GET https://firebase.googleapis.com/v1beta1/projects/learn-hive [none]
[debug] [2022-12-21T13:53:25.648Z] <<< [apiv2][status] GET https://firebase.googleapis.com/v1beta1/projects/learn-hive 403
[debug] [2022-12-21T13:53:25.648Z] <<< [apiv2][body] GET https://firebase.googleapis.com/v1beta1/projects/learn-hive {"error":{"code":403,"message":"The caller does not have permission","status":"PERMISSION_DENIED"}}
[debug] [2022-12-21T13:53:25.650Z] HTTP Error: 403, The caller does not have permission
[debug] [2022-12-21T13:53:26.006Z] FirebaseError: HTTP Error: 403, The caller does not have permission
    at responseToError (C:\Users\USER\AppData\Roaming\npm\node_modules\firebase-tools\lib\responseToError.js:49:12)
    at RetryOperation._fn (C:\Users\USER\AppData\Roaming\npm\node_modules\firebase-tools\lib\apiv2.js:288:77)
    at processTicksAndRejections (node:internal/process/task_queues:96:5)
[error] 
[error] Error: Failed to get Firebase project learn-hive. Please make sure the project exists and your account has permission to access it.
